mode: set
github.com/Quizert/room-reservation-system/BookingSvc/internal/controller/handlers.go:34.79,39.2 1 1
github.com/Quizert/room-reservation-system/BookingSvc/internal/controller/handlers.go:41.80,47.15 5 1
github.com/Quizert/room-reservation-system/BookingSvc/internal/controller/handlers.go:47.15,50.3 2 1
github.com/Quizert/room-reservation-system/BookingSvc/internal/controller/handlers.go:53.2,66.72 7 1
github.com/Quizert/room-reservation-system/BookingSvc/internal/controller/handlers.go:66.72,71.3 4 1
github.com/Quizert/room-reservation-system/BookingSvc/internal/controller/handlers.go:73.2,73.83 1 1
github.com/Quizert/room-reservation-system/BookingSvc/internal/controller/handlers.go:73.83,75.54 2 1
github.com/Quizert/room-reservation-system/BookingSvc/internal/controller/handlers.go:75.54,79.4 3 1
github.com/Quizert/room-reservation-system/BookingSvc/internal/controller/handlers.go:80.3,82.9 3 1
github.com/Quizert/room-reservation-system/BookingSvc/internal/controller/handlers.go:84.2,86.47 3 1
github.com/Quizert/room-reservation-system/BookingSvc/internal/controller/handlers.go:89.85,95.15 5 1
github.com/Quizert/room-reservation-system/BookingSvc/internal/controller/handlers.go:95.15,98.3 2 1
github.com/Quizert/room-reservation-system/BookingSvc/internal/controller/handlers.go:100.2,104.16 4 1
github.com/Quizert/room-reservation-system/BookingSvc/internal/controller/handlers.go:104.16,109.3 4 1
github.com/Quizert/room-reservation-system/BookingSvc/internal/controller/handlers.go:110.2,110.28 1 1
github.com/Quizert/room-reservation-system/BookingSvc/internal/controller/handlers.go:110.28,114.3 3 1
github.com/Quizert/room-reservation-system/BookingSvc/internal/controller/handlers.go:116.2,117.16 2 1
github.com/Quizert/room-reservation-system/BookingSvc/internal/controller/handlers.go:117.16,122.3 4 1
github.com/Quizert/room-reservation-system/BookingSvc/internal/controller/handlers.go:123.2,125.50 3 1
github.com/Quizert/room-reservation-system/BookingSvc/internal/controller/handlers.go:128.86,134.15 5 0
github.com/Quizert/room-reservation-system/BookingSvc/internal/controller/handlers.go:134.15,137.3 2 0
github.com/Quizert/room-reservation-system/BookingSvc/internal/controller/handlers.go:139.2,141.16 3 0
github.com/Quizert/room-reservation-system/BookingSvc/internal/controller/handlers.go:141.16,147.3 4 0
github.com/Quizert/room-reservation-system/BookingSvc/internal/controller/handlers.go:148.2,151.16 3 0
github.com/Quizert/room-reservation-system/BookingSvc/internal/controller/handlers.go:151.16,154.49 2 0
github.com/Quizert/room-reservation-system/BookingSvc/internal/controller/handlers.go:154.49,158.4 3 0
github.com/Quizert/room-reservation-system/BookingSvc/internal/controller/handlers.go:158.9,158.54 1 0
github.com/Quizert/room-reservation-system/BookingSvc/internal/controller/handlers.go:158.54,162.4 3 0
github.com/Quizert/room-reservation-system/BookingSvc/internal/controller/handlers.go:163.3,165.9 3 0
github.com/Quizert/room-reservation-system/BookingSvc/internal/controller/handlers.go:167.2,169.50 3 0
github.com/Quizert/room-reservation-system/BookingSvc/internal/controller/handlers.go:172.84,178.15 5 0
github.com/Quizert/room-reservation-system/BookingSvc/internal/controller/handlers.go:178.15,181.3 2 0
github.com/Quizert/room-reservation-system/BookingSvc/internal/controller/handlers.go:182.2,183.16 2 0
github.com/Quizert/room-reservation-system/BookingSvc/internal/controller/handlers.go:183.16,188.3 4 0
github.com/Quizert/room-reservation-system/BookingSvc/internal/controller/handlers.go:189.2,194.16 4 0
github.com/Quizert/room-reservation-system/BookingSvc/internal/controller/handlers.go:194.16,199.3 4 0
github.com/Quizert/room-reservation-system/BookingSvc/internal/controller/handlers.go:201.2,202.16 2 0
github.com/Quizert/room-reservation-system/BookingSvc/internal/controller/handlers.go:202.16,207.3 4 0
github.com/Quizert/room-reservation-system/BookingSvc/internal/controller/handlers.go:208.2,209.16 2 0
github.com/Quizert/room-reservation-system/BookingSvc/internal/controller/handlers.go:209.16,214.3 4 0
github.com/Quizert/room-reservation-system/BookingSvc/internal/controller/handlers.go:215.2,217.43 3 0
github.com/Quizert/room-reservation-system/BookingSvc/internal/controller/handlers.go:220.87,226.15 5 0
github.com/Quizert/room-reservation-system/BookingSvc/internal/controller/handlers.go:226.15,229.3 2 0
github.com/Quizert/room-reservation-system/BookingSvc/internal/controller/handlers.go:230.2,231.73 2 0
github.com/Quizert/room-reservation-system/BookingSvc/internal/controller/handlers.go:231.73,236.3 3 0
github.com/Quizert/room-reservation-system/BookingSvc/internal/controller/handlers.go:238.2,240.32 2 0
github.com/Quizert/room-reservation-system/BookingSvc/internal/controller/handlers.go:241.17,242.17 1 0
github.com/Quizert/room-reservation-system/BookingSvc/internal/controller/handlers.go:242.17,249.4 5 0
github.com/Quizert/room-reservation-system/BookingSvc/internal/controller/handlers.go:251.3,252.38 2 0
github.com/Quizert/room-reservation-system/BookingSvc/internal/controller/route.go:8.65,19.2 8 0
